{"total": {"lines":{"total":535,"covered":35,"skipped":0,"pct":6.54},"statements":{"total":560,"covered":35,"skipped":0,"pct":6.25},"functions":{"total":176,"covered":1,"skipped":0,"pct":0.57},"branches":{"total":243,"covered":0,"skipped":0,"pct":0}}
,"/home/administrador/Projects/sd-09-project-recipes-app/src/App.js": {"lines":{"total":2,"covered":2,"skipped":0,"pct":100},"functions":{"total":1,"covered":1,"skipped":0,"pct":100},"statements":{"total":2,"covered":2,"skipped":0,"pct":100},"branches":{"total":0,"covered":0,"skipped":0,"pct":100}}
,"/home/administrador/Projects/sd-09-project-recipes-app/src/components/CheckboxProgress.js": {"lines":{"total":16,"covered":2,"skipped":0,"pct":12.5},"functions":{"total":2,"covered":0,"skipped":0,"pct":0},"statements":{"total":16,"covered":2,"skipped":0,"pct":12.5},"branches":{"total":8,"covered":0,"skipped":0,"pct":0}}
,"/home/administrador/Projects/sd-09-project-recipes-app/src/components/DoneDrinkCard.js": {"lines":{"total":4,"covered":1,"skipped":0,"pct":25},"functions":{"total":3,"covered":0,"skipped":0,"pct":0},"statements":{"total":4,"covered":1,"skipped":0,"pct":25},"branches":{"total":6,"covered":0,"skipped":0,"pct":0}}
,"/home/administrador/Projects/sd-09-project-recipes-app/src/components/DoneMealCard.js": {"lines":{"total":4,"covered":1,"skipped":0,"pct":25},"functions":{"total":3,"covered":0,"skipped":0,"pct":0},"statements":{"total":4,"covered":1,"skipped":0,"pct":25},"branches":{"total":6,"covered":0,"skipped":0,"pct":0}}
,"/home/administrador/Projects/sd-09-project-recipes-app/src/components/FavoriteDrinkCard.js": {"lines":{"total":4,"covered":1,"skipped":0,"pct":25},"functions":{"total":3,"covered":0,"skipped":0,"pct":0},"statements":{"total":4,"covered":1,"skipped":0,"pct":25},"branches":{"total":6,"covered":0,"skipped":0,"pct":0}}
,"/home/administrador/Projects/sd-09-project-recipes-app/src/components/FavoriteMealCard.js": {"lines":{"total":4,"covered":1,"skipped":0,"pct":25},"functions":{"total":3,"covered":0,"skipped":0,"pct":0},"statements":{"total":4,"covered":1,"skipped":0,"pct":25},"branches":{"total":6,"covered":0,"skipped":0,"pct":0}}
,"/home/administrador/Projects/sd-09-project-recipes-app/src/components/Footer.js": {"lines":{"total":1,"covered":0,"skipped":0,"pct":0},"functions":{"total":1,"covered":0,"skipped":0,"pct":0},"statements":{"total":1,"covered":0,"skipped":0,"pct":0},"branches":{"total":0,"covered":0,"skipped":0,"pct":100}}
,"/home/administrador/Projects/sd-09-project-recipes-app/src/components/Header.js": {"lines":{"total":6,"covered":2,"skipped":0,"pct":33.33},"functions":{"total":2,"covered":0,"skipped":0,"pct":0},"statements":{"total":6,"covered":2,"skipped":0,"pct":33.33},"branches":{"total":4,"covered":0,"skipped":0,"pct":0}}
,"/home/administrador/Projects/sd-09-project-recipes-app/src/components/SearchBar.js": {"lines":{"total":34,"covered":3,"skipped":0,"pct":8.82},"functions":{"total":6,"covered":0,"skipped":0,"pct":0},"statements":{"total":38,"covered":3,"skipped":0,"pct":7.89},"branches":{"total":24,"covered":0,"skipped":0,"pct":0}}
,"/home/administrador/Projects/sd-09-project-recipes-app/src/context/AppContext.js": {"lines":{"total":67,"covered":3,"skipped":0,"pct":4.48},"functions":{"total":19,"covered":0,"skipped":0,"pct":0},"statements":{"total":68,"covered":3,"skipped":0,"pct":4.41},"branches":{"total":16,"covered":0,"skipped":0,"pct":0}}
,"/home/administrador/Projects/sd-09-project-recipes-app/src/pages/Bebidas.js": {"lines":{"total":17,"covered":2,"skipped":0,"pct":11.76},"functions":{"total":6,"covered":0,"skipped":0,"pct":0},"statements":{"total":19,"covered":2,"skipped":0,"pct":10.53},"branches":{"total":8,"covered":0,"skipped":0,"pct":0}}
,"/home/administrador/Projects/sd-09-project-recipes-app/src/pages/Comidas.js": {"lines":{"total":17,"covered":2,"skipped":0,"pct":11.76},"functions":{"total":6,"covered":0,"skipped":0,"pct":0},"statements":{"total":19,"covered":2,"skipped":0,"pct":10.53},"branches":{"total":8,"covered":0,"skipped":0,"pct":0}}
,"/home/administrador/Projects/sd-09-project-recipes-app/src/pages/DetalhesBebida.js": {"lines":{"total":61,"covered":3,"skipped":0,"pct":4.92},"functions":{"total":22,"covered":0,"skipped":0,"pct":0},"statements":{"total":65,"covered":3,"skipped":0,"pct":4.62},"branches":{"total":30,"covered":0,"skipped":0,"pct":0}}
,"/home/administrador/Projects/sd-09-project-recipes-app/src/pages/DetalhesComida.js": {"lines":{"total":65,"covered":5,"skipped":0,"pct":7.69},"functions":{"total":22,"covered":0,"skipped":0,"pct":0},"statements":{"total":69,"covered":5,"skipped":0,"pct":7.25},"branches":{"total":34,"covered":0,"skipped":0,"pct":0}}
,"/home/administrador/Projects/sd-09-project-recipes-app/src/pages/Explorar.js": {"lines":{"total":1,"covered":0,"skipped":0,"pct":0},"functions":{"total":1,"covered":0,"skipped":0,"pct":0},"statements":{"total":1,"covered":0,"skipped":0,"pct":0},"branches":{"total":0,"covered":0,"skipped":0,"pct":100}}
,"/home/administrador/Projects/sd-09-project-recipes-app/src/pages/ExplorarBebidas.js": {"lines":{"total":7,"covered":0,"skipped":0,"pct":0},"functions":{"total":3,"covered":0,"skipped":0,"pct":0},"statements":{"total":7,"covered":0,"skipped":0,"pct":0},"branches":{"total":0,"covered":0,"skipped":0,"pct":100}}
,"/home/administrador/Projects/sd-09-project-recipes-app/src/pages/ExplorarBebidasIngredientes.js": {"lines":{"total":9,"covered":1,"skipped":0,"pct":11.11},"functions":{"total":4,"covered":0,"skipped":0,"pct":0},"statements":{"total":10,"covered":1,"skipped":0,"pct":10},"branches":{"total":4,"covered":0,"skipped":0,"pct":0}}
,"/home/administrador/Projects/sd-09-project-recipes-app/src/pages/ExplorarComidas.js": {"lines":{"total":7,"covered":0,"skipped":0,"pct":0},"functions":{"total":3,"covered":0,"skipped":0,"pct":0},"statements":{"total":7,"covered":0,"skipped":0,"pct":0},"branches":{"total":0,"covered":0,"skipped":0,"pct":100}}
,"/home/administrador/Projects/sd-09-project-recipes-app/src/pages/ExplorarComidasArea.js": {"lines":{"total":16,"covered":1,"skipped":0,"pct":6.25},"functions":{"total":6,"covered":0,"skipped":0,"pct":0},"statements":{"total":16,"covered":1,"skipped":0,"pct":6.25},"branches":{"total":6,"covered":0,"skipped":0,"pct":0}}
,"/home/administrador/Projects/sd-09-project-recipes-app/src/pages/ExplorarComidasIngredientes.js": {"lines":{"total":9,"covered":1,"skipped":0,"pct":11.11},"functions":{"total":4,"covered":0,"skipped":0,"pct":0},"statements":{"total":10,"covered":1,"skipped":0,"pct":10},"branches":{"total":4,"covered":0,"skipped":0,"pct":0}}
,"/home/administrador/Projects/sd-09-project-recipes-app/src/pages/Login.js": {"lines":{"total":24,"covered":0,"skipped":0,"pct":0},"functions":{"total":4,"covered":0,"skipped":0,"pct":0},"statements":{"total":24,"covered":0,"skipped":0,"pct":0},"branches":{"total":9,"covered":0,"skipped":0,"pct":0}}
,"/home/administrador/Projects/sd-09-project-recipes-app/src/pages/NotFound.js": {"lines":{"total":1,"covered":0,"skipped":0,"pct":0},"functions":{"total":1,"covered":0,"skipped":0,"pct":0},"statements":{"total":1,"covered":0,"skipped":0,"pct":0},"branches":{"total":0,"covered":0,"skipped":0,"pct":100}}
,"/home/administrador/Projects/sd-09-project-recipes-app/src/pages/Perfil.js": {"lines":{"total":3,"covered":0,"skipped":0,"pct":0},"functions":{"total":2,"covered":0,"skipped":0,"pct":0},"statements":{"total":3,"covered":0,"skipped":0,"pct":0},"branches":{"total":2,"covered":0,"skipped":0,"pct":0}}
,"/home/administrador/Projects/sd-09-project-recipes-app/src/pages/ProgressoBebidas.js": {"lines":{"total":56,"covered":2,"skipped":0,"pct":3.57},"functions":{"total":18,"covered":0,"skipped":0,"pct":0},"statements":{"total":59,"covered":2,"skipped":0,"pct":3.39},"branches":{"total":20,"covered":0,"skipped":0,"pct":0}}
,"/home/administrador/Projects/sd-09-project-recipes-app/src/pages/ProgressoComidas.js": {"lines":{"total":56,"covered":2,"skipped":0,"pct":3.57},"functions":{"total":18,"covered":0,"skipped":0,"pct":0},"statements":{"total":59,"covered":2,"skipped":0,"pct":3.39},"branches":{"total":22,"covered":0,"skipped":0,"pct":0}}
,"/home/administrador/Projects/sd-09-project-recipes-app/src/pages/ReceitasFavoritas.js": {"lines":{"total":23,"covered":0,"skipped":0,"pct":0},"functions":{"total":7,"covered":0,"skipped":0,"pct":0},"statements":{"total":23,"covered":0,"skipped":0,"pct":0},"branches":{"total":10,"covered":0,"skipped":0,"pct":0}}
,"/home/administrador/Projects/sd-09-project-recipes-app/src/pages/ReceitasFeitas.js": {"lines":{"total":21,"covered":0,"skipped":0,"pct":0},"functions":{"total":6,"covered":0,"skipped":0,"pct":0},"statements":{"total":21,"covered":0,"skipped":0,"pct":0},"branches":{"total":10,"covered":0,"skipped":0,"pct":0}}
}
